<?xml version="1.0" encoding="UTF-8"?>
<!-- Generated by org.testng.reporters.JUnitReportReporter -->
<testsuite hostname="DESKTOP-RSNG7DD" failures="0" tests="2" name="testClass.ProductTest" time="1.729" errors="0" timestamp="2023-07-01T13:11:11 IST" skipped="0">
  <testcase classname="testClass.ProductTest" name="applyFilterValidation" time="1.010"/>
  <system-out/>
  <testcase classname="testClass.ProductTest" name="resetFilterValidation" time="0.719"/>
  <system-out/>
</testsuite> <!-- testClass.ProductTest -->
