<?xml version="1.0" encoding="UTF-8"?>
<!-- Generated by org.testng.reporters.JUnitReportReporter -->
<testsuite hostname="DESKTOP-RSNG7DD" failures="0" tests="1" name="testClass.HomeTest" time="1.782" errors="0" timestamp="2023-07-01T13:11:11 IST" skipped="0">
  <testcase classname="testClass.HomeTest" name="homeTest" time="1.782"/>
  <system-out/>
</testsuite> <!-- testClass.HomeTest -->
